<?xml version="1.0" encoding="UTF-8"?>
<!-- Generated by org.testng.reporters.JUnitReportReporter -->
<testsuite hostname="MSBCPC641" name="salesforce_Tests.ContactUsTest" tests="2" failures="0" timestamp="25 Oct 2021 08:55:05 GMT" time="9.418" errors="0">
  <testcase name="GoToContactUsPage" time="9.191" classname="salesforce_Tests.ContactUsTest"/>
  <testcase name="ClickOnContactUS_Link" time="0.227" classname="salesforce_Tests.ContactUsTest"/>
</testsuite> <!-- salesforce_Tests.ContactUsTest -->
