<?xml version="1.0" encoding="UTF-8"?>
<!-- Generated by org.testng.reporters.JUnitReportReporter -->
<testsuite hostname="MSBCPC641" name="salesforce_Tests.HomeTest" tests="1" failures="0" timestamp="25 Oct 2021 07:22:32 GMT" time="0.926" errors="0">
  <testcase name="ViewMenu" time="0.926" classname="salesforce_Tests.HomeTest"/>
</testsuite> <!-- salesforce_Tests.HomeTest -->
