<?xml version="1.0" encoding="UTF-8"?>
<!-- Generated by org.testng.reporters.JUnitReportReporter -->
<testsuite hostname="MSBCPC641" name="salesforce_Tests.ContactUsTest" tests="2" failures="0" timestamp="25 Oct 2021 13:29:50 GMT" time="1.119" errors="0">
  <testcase name="GoToContactUsPage" time="0.384" classname="salesforce_Tests.ContactUsTest"/>
  <testcase name="ClickOnContactUS_Link" time="0.735" classname="salesforce_Tests.ContactUsTest"/>
</testsuite> <!-- salesforce_Tests.ContactUsTest -->
