<?xml version="1.0" encoding="UTF-8"?>
<!-- Generated by org.testng.reporters.JUnitReportReporter -->
<testsuite hostname="MSBCPC641" name="salesforce_Tests.HomeTest" tests="1" failures="0" timestamp="20 Oct 2021 12:35:18 GMT" time="6.153" errors="0">
  <testcase name="ViewMenu" time="6.153" classname="salesforce_Tests.HomeTest"/>
</testsuite> <!-- salesforce_Tests.HomeTest -->
