<?xml version="1.0" encoding="UTF-8"?>
<!-- Generated by org.testng.reporters.JUnitReportReporter -->
<testsuite hostname="MSBCPC641" name="salesforce_Tests.HomeTest" tests="1" failures="0" timestamp="25 Oct 2021 13:29:50 GMT" time="4.668" errors="0">
  <testcase name="ViewMenu" time="4.668" classname="salesforce_Tests.HomeTest"/>
</testsuite> <!-- salesforce_Tests.HomeTest -->
