<?xml version="1.0" encoding="UTF-8"?>
<!-- Generated by org.testng.reporters.JUnitReportReporter -->
<testsuite hostname="MSBCPC641" name="salesforce_Tests.ContactUsTest" tests="1" failures="0" timestamp="25 Oct 2021 08:01:25 GMT" time="0.273" errors="0">
  <testcase name="ClickOnContactUS_Link" time="0.273" classname="salesforce_Tests.ContactUsTest"/>
</testsuite> <!-- salesforce_Tests.ContactUsTest -->
