<?xml version="1.0" encoding="UTF-8"?>
<!-- Generated by org.testng.reporters.JUnitReportReporter -->
<testsuite hostname="MSBCPC641" name="salesforce_Tests.HomeTest" tests="1" failures="0" timestamp="22 Oct 2021 06:54:22 GMT" time="2.084" errors="0">
  <testcase name="ViewMenu" time="2.084" classname="salesforce_Tests.HomeTest"/>
</testsuite> <!-- salesforce_Tests.HomeTest -->
